{"/Users/amirakhavan/Documents/GitHub/Activity-3-CIS-470/classifyTriangle.js": {"path":"/Users/amirakhavan/Documents/GitHub/Activity-3-CIS-470/classifyTriangle.js","statementMap":{"0":{"start":{"line":3,"column":4},"end":{"line":5,"column":5}},"1":{"start":{"line":4,"column":8},"end":{"line":4,"column":63}},"2":{"start":{"line":8,"column":4},"end":{"line":10,"column":5}},"3":{"start":{"line":9,"column":8},"end":{"line":9,"column":32}},"4":{"start":{"line":13,"column":4},"end":{"line":19,"column":5}},"5":{"start":{"line":14,"column":8},"end":{"line":14,"column":29}},"6":{"start":{"line":15,"column":11},"end":{"line":19,"column":5}},"7":{"start":{"line":16,"column":8},"end":{"line":16,"column":27}},"8":{"start":{"line":18,"column":8},"end":{"line":18,"column":25}},"9":{"start":{"line":22,"column":0},"end":{"line":22,"column":35}}},"fnMap":{"0":{"name":"classifyTriangle","decl":{"start":{"line":1,"column":9},"end":{"line":1,"column":25}},"loc":{"start":{"line":1,"column":35},"end":{"line":20,"column":1}},"line":1}},"branchMap":{"0":{"loc":{"start":{"line":3,"column":4},"end":{"line":5,"column":5}},"type":"if","locations":[{"start":{"line":3,"column":4},"end":{"line":5,"column":5}},{"start":{},"end":{}}],"line":3},"1":{"loc":{"start":{"line":3,"column":8},"end":{"line":3,"column":64}},"type":"binary-expr","locations":[{"start":{"line":3,"column":8},"end":{"line":3,"column":13}},{"start":{"line":3,"column":17},"end":{"line":3,"column":24}},{"start":{"line":3,"column":28},"end":{"line":3,"column":33}},{"start":{"line":3,"column":37},"end":{"line":3,"column":44}},{"start":{"line":3,"column":48},"end":{"line":3,"column":53}},{"start":{"line":3,"column":57},"end":{"line":3,"column":64}}],"line":3},"2":{"loc":{"start":{"line":8,"column":4},"end":{"line":10,"column":5}},"type":"if","locations":[{"start":{"line":8,"column":4},"end":{"line":10,"column":5}},{"start":{},"end":{}}],"line":8},"3":{"loc":{"start":{"line":8,"column":8},"end":{"line":8,"column":46}},"type":"binary-expr","locations":[{"start":{"line":8,"column":8},"end":{"line":8,"column":18}},{"start":{"line":8,"column":22},"end":{"line":8,"column":32}},{"start":{"line":8,"column":36},"end":{"line":8,"column":46}}],"line":8},"4":{"loc":{"start":{"line":13,"column":4},"end":{"line":19,"column":5}},"type":"if","locations":[{"start":{"line":13,"column":4},"end":{"line":19,"column":5}},{"start":{"line":15,"column":11},"end":{"line":19,"column":5}}],"line":13},"5":{"loc":{"start":{"line":13,"column":8},"end":{"line":13,"column":26}},"type":"binary-expr","locations":[{"start":{"line":13,"column":8},"end":{"line":13,"column":15}},{"start":{"line":13,"column":19},"end":{"line":13,"column":26}}],"line":13},"6":{"loc":{"start":{"line":15,"column":11},"end":{"line":19,"column":5}},"type":"if","locations":[{"start":{"line":15,"column":11},"end":{"line":19,"column":5}},{"start":{"line":17,"column":11},"end":{"line":19,"column":5}}],"line":15},"7":{"loc":{"start":{"line":15,"column":15},"end":{"line":15,"column":44}},"type":"binary-expr","locations":[{"start":{"line":15,"column":15},"end":{"line":15,"column":22}},{"start":{"line":15,"column":26},"end":{"line":15,"column":33}},{"start":{"line":15,"column":37},"end":{"line":15,"column":44}}],"line":15}},"s":{"0":5,"1":1,"2":4,"3":1,"4":3,"5":1,"6":2,"7":1,"8":1,"9":1},"f":{"0":5},"b":{"0":[1,4],"1":[5,4,4,4,4,4],"2":[1,3],"3":[4,4,4],"4":[1,2],"5":[3,2],"6":[1,1],"7":[2,1,1]},"_coverageSchema":"1a1c01bbd47fc00a2c39e90264f33305004495a9","hash":"ab7311c6bbb8425b49fa26b001b759049b4e56de"}
}
